<?xml version="1.0" encoding="UTF-8"?>
<testsuites name="jest tests" tests="1" failures="0" errors="0" time="3.218">
  <testsuite name="AppController" errors="0" failures="0" skipped="0" timestamp="2025-03-27T17:33:07" time="2.862" tests="1">
    <testcase classname="AppController root should return &quot;Hello World!&quot;" name="AppController root should return &quot;Hello World!&quot;" time="0.013">
    </testcase>
  </testsuite>
</testsuites>