<?xml version="1.0"?>
<testsuite name="Chrome 134.0.0.0 (Windows 10)" package="" timestamp="2025-03-27T17:06:40" id="0" hostname="Jihee" tests="3" errors="0" failures="0" time="0.257">
  <properties>
    <property name="browser.fullName" value="Mozilla/5.0 (Windows NT 10.0; Win64; x64) AppleWebKit/537.36 (KHTML, like Gecko) Chrome/134.0.0.0 Safari/537.36"/>
  </properties>
  <testcase name="AppComponent should have the 'front-end' title" time="0.218" classname="AppComponent"/>
  <testcase name="AppComponent should render title" time="0.02" classname="AppComponent"/>
  <testcase name="AppComponent should create the app" time="0.019" classname="AppComponent"/>
  <system-out>
    <![CDATA[
]]>
  </system-out>
  <system-err/>
</testsuite>